<?xml version="1.0" encoding="UTF-8"?>
<!-- Generated by org.testng.reporters.JUnitReportReporter -->
<testsuite hostname="DESKTOP-QFCL18R" failures="0" tests="2" name="TestCases.TestNgTestCases2" time="0.008" errors="0" timestamp="2023-07-30T13:04:08 IST" skipped="0">
  <testcase classname="TestCases.TestNgTestCases2" name="method12" time="0.003"/>
  <testcase classname="TestCases.TestNgTestCases2" name="method13" time="0.005"/>
</testsuite> <!-- TestCases.TestNgTestCases2 -->
