<?xml version="1.0" encoding="UTF-8"?>
<!-- Generated by org.testng.reporters.JUnitReportReporter -->
<testsuite hostname="DESKTOP-QFCL18R" failures="0" tests="4" name="TestCases.TestNgTestCases" time="0.029" errors="0" timestamp="2023-07-30T13:04:08 IST" skipped="0">
  <testcase classname="TestCases.TestNgTestCases" name="method2" time="0.002"/>
  <testcase classname="TestCases.TestNgTestCases" name="method1" time="0.012"/>
  <testcase classname="TestCases.TestNgTestCases" name="method4" time="0.004"/>
  <testcase classname="TestCases.TestNgTestCases" name="method3" time="0.011"/>
</testsuite> <!-- TestCases.TestNgTestCases -->
