<?xml version="1.0" encoding="UTF-8"?>
<!-- Generated by org.testng.reporters.JUnitReportReporter -->
<testsuite hostname="DESKTOP-QFCL18R" failures="0" tests="1" name="MavenFrist.MavenFrist.TestNgFirstProgram" time="0.012" errors="0" timestamp="2023-07-20T23:32:03 IST" skipped="0">
  <testcase classname="MavenFrist.MavenFrist.TestNgFirstProgram" name="dispaly" time="0.012"/>
</testsuite> <!-- MavenFrist.MavenFrist.TestNgFirstProgram -->
