<?xml version="1.0" encoding="UTF-8"?>
<!-- Generated by org.testng.reporters.JUnitReportReporter -->
<testsuite hostname="DESKTOP-QFCL18R" failures="0" tests="1" name="TestCases.ContactFormTest" time="8.878" errors="0" timestamp="2023-07-21T21:30:20 IST" skipped="0">
  <testcase classname="TestCases.ContactFormTest" name="passValueToForm" time="8.878"/>
</testsuite> <!-- TestCases.ContactFormTest -->
